{"name":"myApp","hostname":"users-MacBook-Pro.local","pid":24430,"level":40,"msg":"Unhandled event type: payment.authorized","time":"2024-11-18T12:14:58.977Z","v":0}
{"name":"myApp","hostname":"users-MacBook-Pro.local","pid":24430,"level":40,"msg":"Unhandled event type: payment.captured","time":"2024-11-18T12:14:59.522Z","v":0}
{"name":"myApp","hostname":"users-MacBook-Pro.local","pid":24430,"level":40,"msg":"Unhandled event type: order.paid","time":"2024-11-18T12:14:59.765Z","v":0}
{"name":"myApp","hostname":"users-MacBook-Pro.local","pid":24430,"level":40,"msg":"Unhandled event type: subscription.activated","time":"2024-11-18T12:16:02.300Z","v":0}
{"name":"myApp","hostname":"users-MacBook-Pro.local","pid":24430,"level":40,"msg":"Unhandled event type: subscription.charged","time":"2024-11-18T12:16:03.329Z","v":0}
{"name":"myApp","hostname":"users-MacBook-Pro.local","pid":24430,"level":40,"msg":"Unhandled event type: subscription.authenticated","time":"2024-11-18T12:16:04.358Z","v":0}
{"name":"myApp","hostname":"users-MacBook-Pro.local","pid":25238,"level":40,"msg":"Unhandled event type: payment.authorized","time":"2024-11-19T06:44:48.207Z","v":0}
{"name":"myApp","hostname":"users-MacBook-Pro.local","pid":25238,"level":40,"msg":"Unhandled event type: payment.captured","time":"2024-11-19T06:44:48.810Z","v":0}
{"name":"myApp","hostname":"users-MacBook-Pro.local","pid":25238,"level":40,"msg":"Unhandled event type: order.paid","time":"2024-11-19T06:44:49.117Z","v":0}
{"name":"myApp","hostname":"users-MacBook-Pro.local","pid":25238,"level":40,"msg":"Unhandled event type: subscription.charged","time":"2024-11-19T06:45:51.907Z","v":0}
{"name":"myApp","hostname":"users-MacBook-Pro.local","pid":25238,"level":40,"msg":"Unhandled event type: subscription.activated","time":"2024-11-19T06:45:52.943Z","v":0}
{"name":"myApp","hostname":"users-MacBook-Pro.local","pid":25238,"level":40,"msg":"Unhandled event type: subscription.authenticated","time":"2024-11-19T06:45:53.985Z","v":0}
{"name":"myApp","hostname":"users-MacBook-Pro.local","pid":34027,"level":40,"msg":"Unhandled event type: payment.authorized","time":"2024-11-19T06:57:57.037Z","v":0}
{"name":"myApp","hostname":"users-MacBook-Pro.local","pid":34027,"level":40,"msg":"Unhandled event type: payment.captured","time":"2024-11-19T06:57:59.482Z","v":0}
{"name":"myApp","hostname":"users-MacBook-Pro.local","pid":34027,"level":40,"msg":"Unhandled event type: order.paid","time":"2024-11-19T06:58:00.163Z","v":0}
{"name":"myApp","hostname":"users-MacBook-Pro.local","pid":34318,"level":40,"msg":"Unhandled event type: subscription.activated","time":"2024-11-19T06:59:02.719Z","v":0}
{"name":"myApp","hostname":"users-MacBook-Pro.local","pid":34318,"level":40,"msg":"Unhandled event type: subscription.authenticated","time":"2024-11-19T06:59:03.757Z","v":0}
{"name":"myApp","hostname":"users-MacBook-Pro.local","pid":34318,"level":40,"msg":"Unhandled event type: subscription.charged","time":"2024-11-19T06:59:04.812Z","v":0}
{"name":"myApp","hostname":"users-MacBook-Pro.local","pid":34318,"level":40,"msg":"Unhandled event type: payment.authorized","time":"2024-11-19T07:00:48.914Z","v":0}
{"name":"myApp","hostname":"users-MacBook-Pro.local","pid":34318,"level":40,"msg":"Unhandled event type: payment.captured","time":"2024-11-19T07:00:49.685Z","v":0}
{"name":"myApp","hostname":"users-MacBook-Pro.local","pid":34318,"level":40,"msg":"Unhandled event type: order.paid","time":"2024-11-19T07:00:50.376Z","v":0}
{"name":"myApp","hostname":"users-MacBook-Pro.local","pid":34318,"level":40,"msg":"Unhandled event type: subscription.authenticated","time":"2024-11-19T07:01:51.972Z","v":0}
{"name":"myApp","hostname":"users-MacBook-Pro.local","pid":34318,"level":40,"msg":"Unhandled event type: subscription.activated","time":"2024-11-19T07:01:53.508Z","v":0}
{"name":"myApp","hostname":"users-MacBook-Pro.local","pid":34318,"level":40,"msg":"Unhandled event type: subscription.charged","time":"2024-11-19T07:01:54.537Z","v":0}
{"name":"myApp","hostname":"users-MacBook-Pro.local","pid":37827,"level":40,"msg":"Unhandled event type: payment.authorized","time":"2024-11-19T07:03:08.763Z","v":0}
{"name":"myApp","hostname":"users-MacBook-Pro.local","pid":37827,"level":40,"msg":"Unhandled event type: payment.captured","time":"2024-11-19T07:03:09.954Z","v":0}
{"name":"myApp","hostname":"users-MacBook-Pro.local","pid":37827,"level":40,"msg":"Unhandled event type: order.paid","time":"2024-11-19T07:03:10.496Z","v":0}
{"name":"myApp","hostname":"users-MacBook-Pro.local","pid":37827,"level":40,"msg":"Unhandled event type: subscription.authenticated","time":"2024-11-19T07:04:14.842Z","v":0}
{"name":"myApp","hostname":"users-MacBook-Pro.local","pid":37827,"level":40,"msg":"Unhandled event type: subscription.activated","time":"2024-11-19T07:04:15.874Z","v":0}
{"name":"myApp","hostname":"users-MacBook-Pro.local","pid":37827,"level":40,"msg":"Unhandled event type: subscription.charged","time":"2024-11-19T07:04:16.906Z","v":0}
{"name":"myApp","hostname":"users-MacBook-Pro.local","pid":38615,"level":40,"msg":"Unhandled event type: payment.authorized","time":"2024-11-19T07:11:33.203Z","v":0}
{"name":"myApp","hostname":"users-MacBook-Pro.local","pid":38615,"level":40,"msg":"Unhandled event type: order.paid","time":"2024-11-19T07:11:35.070Z","v":0}
{"name":"myApp","hostname":"users-MacBook-Pro.local","pid":38615,"level":40,"msg":"Unhandled event type: payment.captured","time":"2024-11-19T07:11:36.072Z","v":0}
{"name":"myApp","hostname":"users-MacBook-Pro.local","pid":39082,"level":40,"msg":"Unhandled event type: subscription.charged","time":"2024-11-19T07:12:39.721Z","v":0}
{"name":"myApp","hostname":"users-MacBook-Pro.local","pid":39082,"level":40,"msg":"Unhandled event type: subscription.authenticated","time":"2024-11-19T07:12:40.760Z","v":0}
{"name":"myApp","hostname":"users-MacBook-Pro.local","pid":39082,"level":40,"msg":"Unhandled event type: subscription.activated","time":"2024-11-19T07:12:41.800Z","v":0}
{"name":"myApp","hostname":"users-MacBook-Pro.local","pid":39082,"level":40,"msg":"Unhandled event type: payment.authorized","time":"2024-11-19T07:13:16.284Z","v":0}
{"name":"myApp","hostname":"users-MacBook-Pro.local","pid":39082,"level":40,"msg":"Unhandled event type: order.paid","time":"2024-11-19T07:13:16.385Z","v":0}
{"name":"myApp","hostname":"users-MacBook-Pro.local","pid":39082,"level":40,"msg":"Unhandled event type: payment.captured","time":"2024-11-19T07:13:17.218Z","v":0}
{"name":"myApp","hostname":"users-MacBook-Pro.local","pid":39082,"level":40,"msg":"Unhandled event type: subscription.activated","time":"2024-11-19T07:14:21.846Z","v":0}
{"name":"myApp","hostname":"users-MacBook-Pro.local","pid":39082,"level":40,"msg":"Unhandled event type: subscription.charged","time":"2024-11-19T07:14:22.880Z","v":0}
{"name":"myApp","hostname":"users-MacBook-Pro.local","pid":39082,"level":40,"msg":"Unhandled event type: subscription.authenticated","time":"2024-11-19T07:14:23.914Z","v":0}
{"name":"myApp","hostname":"users-MacBook-Pro.local","pid":39618,"level":40,"msg":"Unhandled event type: payment.authorized","time":"2024-11-19T07:19:26.641Z","v":0}
{"name":"myApp","hostname":"users-MacBook-Pro.local","pid":39618,"level":40,"msg":"Unhandled event type: payment.captured","time":"2024-11-19T07:19:27.476Z","v":0}
{"name":"myApp","hostname":"users-MacBook-Pro.local","pid":39618,"level":40,"msg":"Unhandled event type: order.paid","time":"2024-11-19T07:19:27.984Z","v":0}
{"name":"myApp","hostname":"users-MacBook-Pro.local","pid":39618,"level":40,"msg":"Unhandled event type: subscription.activated","time":"2024-11-19T07:20:29.600Z","v":0}
{"name":"myApp","hostname":"users-MacBook-Pro.local","pid":39618,"level":40,"msg":"Unhandled event type: subscription.authenticated","time":"2024-11-19T07:20:30.626Z","v":0}
{"name":"myApp","hostname":"users-MacBook-Pro.local","pid":39618,"level":40,"msg":"Unhandled event type: subscription.charged","time":"2024-11-19T07:20:31.656Z","v":0}
{"name":"myApp","hostname":"users-MacBook-Pro.local","pid":40140,"level":40,"msg":"Unhandled event type: payment.authorized","time":"2024-11-19T07:22:53.031Z","v":0}
{"name":"myApp","hostname":"users-MacBook-Pro.local","pid":40140,"level":40,"msg":"Unhandled event type: payment.captured","time":"2024-11-19T07:22:53.526Z","v":0}
{"name":"myApp","hostname":"users-MacBook-Pro.local","pid":40140,"level":40,"msg":"Unhandled event type: order.paid","time":"2024-11-19T07:22:54.046Z","v":0}
{"name":"myApp","hostname":"users-MacBook-Pro.local","pid":40140,"level":40,"msg":"Unhandled event type: subscription.activated","time":"2024-11-19T07:24:00.005Z","v":0}
{"name":"myApp","hostname":"users-MacBook-Pro.local","pid":40140,"level":40,"msg":"Unhandled event type: subscription.charged","time":"2024-11-19T07:24:01.042Z","v":0}
{"name":"myApp","hostname":"users-MacBook-Pro.local","pid":40140,"level":40,"msg":"Unhandled event type: subscription.authenticated","time":"2024-11-19T07:24:02.085Z","v":0}
{"name":"myApp","hostname":"users-MacBook-Pro.local","pid":40140,"level":40,"msg":"Unhandled event type: payment.authorized","time":"2024-11-19T07:26:41.039Z","v":0}
{"name":"myApp","hostname":"users-MacBook-Pro.local","pid":40140,"level":40,"msg":"Unhandled event type: order.paid","time":"2024-11-19T07:26:41.770Z","v":0}
{"name":"myApp","hostname":"users-MacBook-Pro.local","pid":40140,"level":40,"msg":"Unhandled event type: payment.captured","time":"2024-11-19T07:26:41.928Z","v":0}
{"name":"myApp","hostname":"users-MacBook-Pro.local","pid":40140,"level":40,"msg":"Unhandled event type: subscription.charged","time":"2024-11-19T07:27:43.659Z","v":0}
{"name":"myApp","hostname":"users-MacBook-Pro.local","pid":40140,"level":40,"msg":"Unhandled event type: subscription.authenticated","time":"2024-11-19T07:27:44.690Z","v":0}
{"name":"myApp","hostname":"users-MacBook-Pro.local","pid":40140,"level":40,"msg":"Unhandled event type: subscription.activated","time":"2024-11-19T07:27:45.726Z","v":0}
{"name":"myApp","hostname":"users-MacBook-Pro.local","pid":66372,"level":40,"msg":"Unhandled event type: refund.speed_changed","time":"2024-11-19T11:49:06.675Z","v":0}
